#
# There is insufficient memory for the Java Runtime Environment to continue.
# Native memory allocation (malloc) failed to allocate 179056 bytes for Chunk::new
# Possible reasons:
#   The system is out of physical RAM or swap space
#   In 32 bit mode, the process size limit was hit
# Possible solutions:
#   Reduce memory load on the system
#   Increase physical memory or swap space
#   Check if swap backing store is full
#   Use 64 bit Java on a 64 bit OS
#   Decrease Java heap size (-Xmx/-Xms)
#   Decrease number of Java threads
#   Decrease Java thread stack sizes (-Xss)
#   Set larger code cache with -XX:ReservedCodeCacheSize=
# This output file may be truncated or incomplete.
#
#  Out of Memory Error (allocation.cpp:328), pid=7352, tid=11480
#
# JRE version: 7.0_17-b02
# Java VM: Java HotSpot(TM) 64-Bit Server VM (23.7-b01 mixed mode windows-amd64 compressed oops)
# Failed to write core dump. Minidumps are not enabled by default on client versions of Windows
#

---------------  T H R E A D  ---------------

Current thread (0x000000000bb42800):  JavaThread "C2 CompilerThread0" daemon [_thread_in_native, id=11480, stack(0x000000000d720000,0x000000000d820000)]

Stack: [0x000000000d720000,0x000000000d820000]

Current CompileTask:
C2:   4591   66   !         sun.misc.FloatingDecimal::readJavaFormatString (856 bytes)


---------------  P R O C E S S  ---------------

Java Threads: ( => current thread )
  0x000000000de5a000 JavaThread "D3D Screen Updater" daemon [_thread_blocked, id=6008, stack(0x0000000012b60000,0x0000000012c60000)]
  0x000000000de7f800 JavaThread "Swing-Shell" daemon [_thread_blocked, id=11692, stack(0x000000000ead0000,0x000000000ebd0000)]
  0x000000000dd96800 JavaThread "Image Fetcher 0" daemon [_thread_blocked, id=11728, stack(0x000000000e980000,0x000000000ea80000)]
  0x000000000dd90000 JavaThread "TimerQueue" daemon [_thread_blocked, id=11724, stack(0x0000000012760000,0x0000000012860000)]
  0x0000000000f2d800 JavaThread "DestroyJavaVM" [_thread_blocked, id=11340, stack(0x0000000002690000,0x0000000002790000)]
  0x000000000dbbb000 JavaThread "AWT-EventQueue-0" [_thread_in_Java, id=12080, stack(0x000000000e880000,0x000000000e980000)]
  0x000000000bbb4800 JavaThread "AWT-Windows" daemon [_thread_in_native, id=11460, stack(0x000000000e510000,0x000000000e610000)]
  0x000000000bbb4000 JavaThread "AWT-Shutdown" [_thread_blocked, id=11464, stack(0x000000000e410000,0x000000000e510000)]
  0x000000000bb72800 JavaThread "Java2D Disposer" daemon [_thread_blocked, id=11476, stack(0x000000000e310000,0x000000000e410000)]
  0x000000000bb4e800 JavaThread "Service Thread" daemon [_thread_blocked, id=11488, stack(0x000000000d920000,0x000000000da20000)]
  0x000000000bb4d800 JavaThread "C2 CompilerThread1" daemon [_thread_in_native, id=11684, stack(0x000000000d820000,0x000000000d920000)]
=>0x000000000bb42800 JavaThread "C2 CompilerThread0" daemon [_thread_in_native, id=11480, stack(0x000000000d720000,0x000000000d820000)]
  0x000000000bb3f800 JavaThread "Attach Listener" daemon [_thread_blocked, id=11468, stack(0x000000000d620000,0x000000000d720000)]
  0x000000000bb3e800 JavaThread "Signal Dispatcher" daemon [_thread_blocked, id=11496, stack(0x000000000d520000,0x000000000d620000)]
  0x000000000badb000 JavaThread "Finalizer" daemon [_thread_blocked, id=11372, stack(0x000000000d420000,0x000000000d520000)]
  0x000000000bad2800 JavaThread "Reference Handler" daemon [_thread_blocked, id=11520, stack(0x000000000d320000,0x000000000d420000)]

Other Threads:
  0x000000000bacb000 VMThread [stack: 0x000000000d220000,0x000000000d320000] [id=6128]
  0x000000000bb69000 WatcherThread [stack: 0x000000000da20000,0x000000000db20000] [id=11472]

VM state:not at safepoint (normal execution)

VM Mutex/Monitor currently owned by a thread: None

Heap
 PSYoungGen      total 38208K, used 13764K [0x00000007d5560000, 0x00000007d8000000, 0x0000000800000000)
  eden space 32768K, 42% used [0x00000007d5560000,0x00000007d62d1260,0x00000007d7560000)
  from space 5440K, 0% used [0x00000007d7ab0000,0x00000007d7ab0000,0x00000007d8000000)
  to   space 5440K, 0% used [0x00000007d7560000,0x00000007d7560000,0x00000007d7ab0000)
 ParOldGen       total 87424K, used 0K [0x0000000780000000, 0x0000000785560000, 0x00000007d5560000)
  object space 87424K, 0% used [0x0000000780000000,0x0000000780000000,0x0000000785560000)
 PSPermGen       total 21248K, used 12805K [0x000000077ae00000, 0x000000077c2c0000, 0x0000000780000000)
  object space 21248K, 60% used [0x000000077ae00000,0x000000077ba814c0,0x000000077c2c0000)

Card table byte_map: [0x0000000005970000,0x0000000005da0000] byte_map_base: 0x0000000001d99000

Polling page: 0x0000000000f30000

Code Cache  [0x0000000002970000, 0x0000000002be0000, 0x0000000005970000)
 total_blobs=525 nmethods=65 adapters=411 free_code_cache=48526Kb largest_free_block=49672640

Compilation events (10 events):
Event: 4.559 Thread 0x000000000bb42800   63             sun.nio.cs.SingleByte$Decoder::decode (11 bytes)
Event: 4.559 Thread 0x000000000bb42800 nmethod 63 0x0000000002a07c10 code [0x0000000002a07d40, 0x0000000002a07df8]
Event: 4.564 Thread 0x000000000bb4d800   64   !         java.io.BufferedReader::readLine (304 bytes)
Event: 4.564 Thread 0x000000000bb42800   65             sun.nio.cs.SingleByte$Decoder::decodeArrayLoop (154 bytes)
Event: 4.570 Thread 0x000000000bb42800 nmethod 65 0x0000000002a03c10 code [0x0000000002a03dc0, 0x0000000002a04400]
Event: 4.570 Thread 0x000000000bb42800   66   !         sun.misc.FloatingDecimal::readJavaFormatString (856 bytes)
Event: 4.574 Thread 0x000000000bb4d800 nmethod 64 0x0000000002a0d310 code [0x0000000002a0d4c0, 0x0000000002a0e2f0]
Event: 4.575 Thread 0x000000000bb4d800   67             sun.misc.FloatingDecimal::doubleValue (1289 bytes)
Event: 4.583 Thread 0x000000000bb4d800 nmethod 67 0x0000000002a0fc90 code [0x0000000002a0fea0, 0x0000000002a10718]
Event: 4.583 Thread 0x000000000bb4d800    1 % !         java.io.BufferedReader::readLine @ 131 (304 bytes)

GC Heap History (0 events):
No events

Deoptimization events (7 events):
Event: 0.505 Thread 0x000000000dbbb000 Uncommon trap -34 fr.pc 0x00000000029dc950
Event: 0.511 Thread 0x000000000dbbb000 Uncommon trap -34 fr.pc 0x00000000029dc950
Event: 0.511 Thread 0x000000000dbbb000 Uncommon trap -34 fr.pc 0x00000000029dc950
Event: 0.511 Thread 0x000000000dbbb000 Uncommon trap -34 fr.pc 0x00000000029dc950
Event: 3.480 Thread 0x000000000dbbb000 Uncommon trap -34 fr.pc 0x0000000002a0b0d8
Event: 4.145 Thread 0x000000000dbbb000 Uncommon trap -34 fr.pc 0x0000000002a0b0d8
Event: 4.577 Thread 0x000000000dbbb000 Uncommon trap -83 fr.pc 0x0000000002a0dc34

Internal exceptions (10 events):
Event: 0.249 Thread 0x000000000dbbb000 Threw 0x00000007d5911488 at C:\jdk7u2_64p\jdk7u17\hotspot\src\share\vm\prims\jvm.cpp:1166
Event: 0.250 Thread 0x000000000dbbb000 Threw 0x00000007d5913330 at C:\jdk7u2_64p\jdk7u17\hotspot\src\share\vm\prims\jvm.cpp:1166
Event: 0.251 Thread 0x000000000dbbb000 Threw 0x00000007d5915298 at C:\jdk7u2_64p\jdk7u17\hotspot\src\share\vm\prims\jvm.cpp:1166
Event: 0.251 Thread 0x000000000dbbb000 Threw 0x00000007d5917110 at C:\jdk7u2_64p\jdk7u17\hotspot\src\share\vm\prims\jvm.cpp:1166
Event: 0.252 Thread 0x000000000dbbb000 Threw 0x00000007d5918fb8 at C:\jdk7u2_64p\jdk7u17\hotspot\src\share\vm\prims\jvm.cpp:1166
Event: 0.306 Thread 0x000000000dbbb000 Threw 0x00000007d5982740 at C:\jdk7u2_64p\jdk7u17\hotspot\src\share\vm\prims\jvm.cpp:1166
Event: 0.308 Thread 0x000000000dbbb000 Threw 0x00000007d59883e0 at C:\jdk7u2_64p\jdk7u17\hotspot\src\share\vm\prims\jvm.cpp:1166
Event: 0.308 Thread 0x000000000dbbb000 Threw 0x00000007d598ad90 at C:\jdk7u2_64p\jdk7u17\hotspot\src\share\vm\prims\jvm.cpp:1166
Event: 0.308 Thread 0x000000000dbbb000 Threw 0x00000007d598d598 at C:\jdk7u2_64p\jdk7u17\hotspot\src\share\vm\prims\jvm.cpp:1166
Event: 0.309 Thread 0x000000000dbbb000 Threw 0x00000007d5990090 at C:\jdk7u2_64p\jdk7u17\hotspot\src\share\vm\prims\jvm.cpp:1166

Events (10 events):
Event: 4.557 loading class 0x000000000db6e750
Event: 4.557 loading class 0x000000000db6e750 done
Event: 4.557 loading class 0x000000000db6e6d0 done
Event: 4.557 loading class 0x000000000db807e0 done
Event: 4.557 loading class 0x000000000db6eed0
Event: 4.557 loading class 0x000000000db6eed0 done
Event: 4.577 Executing VM operation: RevokeBias
Event: 4.577 Executing VM operation: RevokeBias done
Event: 4.577 Thread 0x000000000dbbb000 DEOPT PACKING pc=0x0000000002a0dc34 sp=0x000000000e97e3f0
Event: 4.577 Thread 0x000000000dbbb000 DEOPT UNPACKING pc=0x00000000029a9164 sp=0x000000000e97e3b0 mode 2


Dynamic libraries:
0x000007f6c6d20000 - 0x000007f6c6d53000 	C:\Program Files\Java\jre7\bin\javaw.exe
0x000007fd135b0000 - 0x000007fd13770000 	C:\Windows\SYSTEM32\ntdll.dll
0x000007fd131b0000 - 0x000007fd132e7000 	C:\Windows\system32\KERNEL32.DLL
0x000007fd10850000 - 0x000007fd10944000 	C:\Windows\system32\KERNELBASE.dll
0x000007fd130d0000 - 0x000007fd131ae000 	C:\Windows\system32\ADVAPI32.dll
0x000007fd133f0000 - 0x000007fd1353c000 	C:\Windows\system32\USER32.dll
0x000007fd0e0a0000 - 0x000007fd0e30a000 	C:\Windows\WinSxS\amd64_microsoft.windows.common-controls_6595b64144ccf1df_6.0.9200.16579_none_418ab7ef718b27ef\COMCTL32.dll
0x000007fd10df0000 - 0x000007fd10e95000 	C:\Windows\system32\msvcrt.dll
0x000007fd12f30000 - 0x000007fd12f78000 	C:\Windows\SYSTEM32\sechost.dll
0x000007fd12f80000 - 0x000007fd130c5000 	C:\Windows\system32\RPCRT4.dll
0x000007fd12b30000 - 0x000007fd12c71000 	C:\Windows\system32\GDI32.dll
0x000007fd12700000 - 0x000007fd12739000 	C:\Windows\system32\IMM32.DLL
0x000007fd10ea0000 - 0x000007fd10fb6000 	C:\Windows\system32\MSCTF.dll
0x0000000070df0000 - 0x0000000070ec1000 	C:\Program Files\Java\jre7\bin\msvcr100.dll
0x00000000706d0000 - 0x0000000070def000 	C:\Program Files\Java\jre7\bin\server\jvm.dll
0x000007fd0e470000 - 0x000007fd0e479000 	C:\Windows\SYSTEM32\WSOCK32.dll
0x000007fd0a860000 - 0x000007fd0a880000 	C:\Windows\SYSTEM32\WINMM.dll
0x000007fd10fc0000 - 0x000007fd10fc7000 	C:\Windows\system32\PSAPI.DLL
0x000007fd10c30000 - 0x000007fd10c88000 	C:\Windows\system32\WS2_32.dll
0x000007fd0a600000 - 0x000007fd0a633000 	C:\Windows\SYSTEM32\WINMMBASE.dll
0x000007fd12490000 - 0x000007fd12499000 	C:\Windows\system32\NSI.dll
0x000007fd10950000 - 0x000007fd1099f000 	C:\Windows\SYSTEM32\cfgmgr32.dll
0x000007fd107c0000 - 0x000007fd107e2000 	C:\Windows\system32\DEVOBJ.dll
0x00000000706c0000 - 0x00000000706cf000 	C:\Program Files\Java\jre7\bin\verify.dll
0x0000000070690000 - 0x00000000706b8000 	C:\Program Files\Java\jre7\bin\java.dll
0x0000000070670000 - 0x0000000070685000 	C:\Program Files\Java\jre7\bin\zip.dll
0x0000000070490000 - 0x0000000070623000 	C:\Program Files\Java\jre7\bin\awt.dll
0x000007fd12ce0000 - 0x000007fd12da3000 	C:\Windows\system32\OLEAUT32.dll
0x000007fd12540000 - 0x000007fd126f0000 	C:\Windows\system32\combase.dll
0x000007fd0b7b0000 - 0x000007fd0b84f000 	C:\Windows\system32\apphelp.dll
0x000007fd0f2e0000 - 0x000007fd0f3c6000 	C:\Windows\system32\uxtheme.dll
0x000007fd0e640000 - 0x000007fd0e661000 	C:\Windows\SYSTEM32\dwmapi.dll
0x000007fd12db0000 - 0x000007fd12f2e000 	C:\Windows\system32\ole32.dll
0x000007fd10360000 - 0x000007fd1036a000 	C:\Windows\SYSTEM32\CRYPTBASE.dll
0x000007fd10300000 - 0x000007fd1035c000 	C:\Windows\SYSTEM32\bcryptPrimitives.dll
0x000007fd111b0000 - 0x000007fd12490000 	C:\Windows\system32\SHELL32.dll
0x000007fd133a0000 - 0x000007fd133f0000 	C:\Windows\system32\SHLWAPI.dll
0x000007fd0e830000 - 0x000007fd0e8c5000 	C:\Windows\SYSTEM32\shcore.dll
0x000007fcff590000 - 0x000007fcff790000 	C:\Windows\system32\d3d9.dll
0x000007fd0cd90000 - 0x000007fd0cd99000 	C:\Windows\SYSTEM32\VERSION.dll
0x000007fd0a640000 - 0x000007fd0a75c000 	C:\Windows\SYSTEM32\aticfx64.dll
0x000007fd0e550000 - 0x000007fd0e570000 	C:\Windows\SYSTEM32\atiu9p64.dll
0x000007fcf6f80000 - 0x000007fcf7637000 	C:\Windows\SYSTEM32\atiumd64.dll
0x0000000070ed0000 - 0x00000000713a5000 	C:\Windows\SYSTEM32\atiumd6a.dll
0x0000000070450000 - 0x0000000070484000 	C:\Program Files\Java\jre7\bin\fontmanager.dll
0x0000000070650000 - 0x0000000070669000 	C:\Program Files\Java\jre7\bin\net.dll
0x000007fd0fc90000 - 0x000007fd0fcec000 	C:\Windows\system32\mswsock.dll
0x0000000070630000 - 0x0000000070641000 	C:\Program Files\Java\jre7\bin\nio.dll
0x0000000070400000 - 0x0000000070441000 	C:\Program Files\Java\jre7\bin\t2k.dll
0x000007fd089c0000 - 0x000007fd08a64000 	C:\Windows\WinSxS\amd64_microsoft.windows.common-controls_6595b64144ccf1df_5.82.9200.16658_none_776622cb3175a40c\comctl32.dll
0x000007fd10fd0000 - 0x000007fd111a0000 	C:\Windows\system32\SETUPAPI.dll
0x000007fd124a0000 - 0x000007fd12536000 	C:\Windows\SYSTEM32\clbcatq.dll
0x000007fd0b5b0000 - 0x000007fd0b70a000 	C:\Windows\system32\propsys.dll
0x000007fd031c0000 - 0x000007fd0335b000 	C:\Windows\system32\NetworkExplorer.dll
0x000007fd08030000 - 0x000007fd08069000 	C:\Windows\System32\shdocvw.dll
0x000007fd104d0000 - 0x000007fd104e5000 	C:\Windows\system32\profapi.dll
0x000007fd0a5c0000 - 0x000007fd0a5d7000 	C:\Windows\SYSTEM32\MPR.dll
0x000007fd0e590000 - 0x000007fd0e59a000 	C:\Windows\System32\drprov.dll
0x000007fd0fee0000 - 0x000007fd0ff2e000 	C:\Windows\System32\WINSTA.dll
0x000007fd0d880000 - 0x000007fd0d893000 	C:\Windows\System32\ntlanman.dll
0x000007fd0cf50000 - 0x000007fd0cf6e000 	C:\Windows\System32\davclnt.dll
0x000007fd0e460000 - 0x000007fd0e46b000 	C:\Windows\System32\DAVHLPR.dll
0x000007fd0e620000 - 0x000007fd0e635000 	C:\Windows\SYSTEM32\wkscli.dll
0x000007fd092f0000 - 0x000007fd09301000 	C:\Windows\SYSTEM32\cscapi.dll
0x000007fd0f770000 - 0x000007fd0f77e000 	C:\Windows\SYSTEM32\netutils.dll
0x000007fd0e020000 - 0x000007fd0e095000 	C:\Windows\System32\dlnashext.dll
0x000007fd018b0000 - 0x000007fd019f4000 	C:\Windows\System32\Windows.Media.Streaming.dll
0x000007fd0ff80000 - 0x000007fd0ffc3000 	C:\Windows\System32\POWRPROF.dll
0x000007fd0cb90000 - 0x000007fd0cbcf000 	C:\Windows\System32\XmlLite.dll
0x000007fd0fcf0000 - 0x000007fd0fd0a000 	C:\Windows\SYSTEM32\CRYPTSP.dll
0x000007fd0f990000 - 0x000007fd0f9db000 	C:\Windows\system32\rsaenh.dll
0x000007fd0e330000 - 0x000007fd0e340000 	C:\Windows\System32\DevDispItemProvider.dll
0x000007fd0ced0000 - 0x000007fd0cefa000 	C:\Windows\SYSTEM32\IPHLPAPI.DLL
0x000007fd0cd70000 - 0x000007fd0cd7a000 	C:\Windows\SYSTEM32\WINNSI.DLL
0x000007fd0caa0000 - 0x000007fd0cab3000 	C:\Windows\SYSTEM32\dhcpcsvc6.DLL
0x000007fd027d0000 - 0x000007fd029e0000 	C:\Windows\System32\actxprxy.dll
0x000007fd0cbd0000 - 0x000007fd0cbe8000 	C:\Windows\SYSTEM32\dhcpcsvc.DLL
0x000007fd0a8d0000 - 0x000007fd0a8f9000 	C:\Windows\System32\netprofm.dll
0x000007fd09ea0000 - 0x000007fd09eae000 	C:\Windows\System32\npmproxy.dll
0x000007fd01c20000 - 0x000007fd01e18000 	C:\Windows\system32\wpdshext.dll
0x000007fd0ad10000 - 0x000007fd0aeb0000 	C:\Windows\WinSxS\amd64_microsoft.windows.gdiplus_6595b64144ccf1df_1.1.9200.16518_none_726fbfe0cc22f012\gdiplus.dll
0x000007fd0ac40000 - 0x000007fd0acdb000 	C:\Windows\System32\PortableDeviceApi.dll
0x000007fd107f0000 - 0x000007fd10845000 	C:\Windows\system32\WINTRUST.dll
0x000007fd10530000 - 0x000007fd10701000 	C:\Windows\system32\CRYPT32.dll
0x000007fd104f0000 - 0x000007fd10506000 	C:\Windows\system32\MSASN1.dll
0x000007fd0c2d0000 - 0x000007fd0c306000 	C:\Windows\System32\EhStorShell.dll
0x000007fd0c8c0000 - 0x000007fd0c8e5000 	C:\Windows\System32\EhStorAPI.dll
0x000007fd0fec0000 - 0x000007fd0fed1000 	C:\Windows\System32\WTSAPI32.dll
0x000007fd0a850000 - 0x000007fd0a85b000 	C:\Windows\SYSTEM32\LINKINFO.dll
0x000007fd0c6c0000 - 0x000007fd0c853000 	C:\Windows\SYSTEM32\WindowsCodecs.dll

VM Arguments:
jvm_args: -Dfile.encoding=Cp1252 
java_command: GUI2
Launcher Type: SUN_STANDARD

Environment Variables:
CLASSPATH=.;C:\Program Files (x86)\Java\jre7\lib\ext\QTJava.zip
PATH=C:\Anaconda;C:\Anaconda\Scripts;C:\Program Files (x86)\AMD APP\bin\x86_64;C:\Program Files (x86)\AMD APP\bin\x86;C:\Windows\system32;C:\Windows;C:\Windows\System32\Wbem;C:\Windows\System32\WindowsPowerShell\v1.0\;C:\Program Files\Microsoft\Web Platform Installer\;C:\Program Files (x86)\Microsoft ASP.NET\ASP.NET Web Pages\v1.0\;C:\Program Files (x86)\Windows Kits\8.0\Windows Performance Toolkit\;C:\Program Files\Microsoft SQL Server\110\Tools\Binn\;C:\Program Files (x86)\ATI Technologies\ATI.ACE\Core-Static;C:\Program Files (x86)\QuickTime\QTSystem\
USERNAME=Gregory
OS=Windows_NT
PROCESSOR_IDENTIFIER=AMD64 Family 16 Model 10 Stepping 0, AuthenticAMD



---------------  S Y S T E M  ---------------

OS: Windows 8 , 64 bit Build 9200 

CPU:total 6 (6 cores per cpu, 1 threads per core) family 16 model 10 stepping 0, cmov, cx8, fxsr, mmx, sse, sse2, sse3, popcnt, mmxext, 3dnowpref, lzcnt, sse4a, tsc, tscinvbit, tscinv

Memory: 4k page, physical 8386100k(3549212k free), swap 15932672k(5180k free)

vm_info: Java HotSpot(TM) 64-Bit Server VM (23.7-b01) for windows-amd64 JRE (1.7.0_17-b02), built on Mar  1 2013 03:38:30 by "java_re" with unknown MS VC++:1600

time: Mon Jul 07 21:01:19 2014
elapsed time: 4 seconds

